<?xml version='1.0' encoding='UTF-8'?>
<testsuite hostname="Madss-Air.lan" name="VendingTester" tests="1" errors="0" failures="0" skipped="0" time="1.411" timestamp="2024-05-23T12:45:27">
          <properties>
[...]
</properties>
          <testcase classname="VendingTester" name="Vending machine test should pass" time="1.411">
                      
                    </testcase>
          <system-out><![CDATA[]]></system-out>
          <system-err><![CDATA[]]></system-err>
        </testsuite>